[01-Jun-2023 17:26:18 UTC] Hello, errors!
[01-Jun-2023 17:26:18 UTC] PHP Warning:  Undefined array key "level" in C:\xampp\htdocs\Piniors\libs\View.php on line 10
[01-Jun-2023 17:26:18 UTC] Hello, errors!
[01-Jun-2023 17:26:18 UTC] PHP Warning:  Undefined array key "level" in C:\xampp\htdocs\Piniors\libs\View.php on line 10
[01-Jun-2023 17:26:28 UTC] Hello, errors!
[01-Jun-2023 17:26:28 UTC] PHP Warning:  Undefined array key "level" in C:\xampp\htdocs\Piniors\libs\View.php on line 10
[01-Jun-2023 17:26:30 UTC] Hello, errors!
[01-Jun-2023 17:26:30 UTC] PHP Warning:  Undefined array key "level" in C:\xampp\htdocs\Piniors\libs\View.php on line 10
[01-Jun-2023 17:26:46 UTC] Hello, errors!
[01-Jun-2023 17:26:46 UTC] PHP Warning:  Undefined array key "level" in C:\xampp\htdocs\Piniors\libs\View.php on line 10
[01-Jun-2023 17:27:04 UTC] Hello, errors!
[01-Jun-2023 17:27:04 UTC] PHP Warning:  Undefined array key "level" in C:\xampp\htdocs\Piniors\libs\View.php on line 10
[01-Jun-2023 17:27:51 UTC] Hello, errors!
[01-Jun-2023 17:27:51 UTC] PHP Warning:  Undefined array key "level" in C:\xampp\htdocs\Piniors\libs\View.php on line 10
[01-Jun-2023 17:27:51 UTC] PHP Warning:  Undefined array key "photo" in C:\xampp\htdocs\Piniors\controllers\login.php on line 44
[01-Jun-2023 17:27:51 UTC] PHP Warning:  Trying to access array offset on value of type null in C:\xampp\htdocs\Piniors\controllers\login.php on line 45
[01-Jun-2023 17:27:51 UTC] PHP Deprecated:  explode(): Passing null to parameter #2 ($string) of type string is deprecated in C:\xampp\htdocs\Piniors\controllers\login.php on line 47
[01-Jun-2023 17:27:51 UTC] PHP Warning:  Trying to access array offset on value of type null in C:\xampp\htdocs\Piniors\controllers\login.php on line 49
[01-Jun-2023 17:27:51 UTC] PHP Deprecated:  explode(): Passing null to parameter #2 ($string) of type string is deprecated in C:\xampp\htdocs\Piniors\controllers\login.php on line 49
[01-Jun-2023 17:27:51 UTC] PHP Warning:  Undefined variable $name in C:\xampp\htdocs\Piniors\controllers\login.php on line 52
[01-Jun-2023 17:27:51 UTC] PHP Warning:  Undefined variable $email in C:\xampp\htdocs\Piniors\controllers\login.php on line 52
[01-Jun-2023 17:27:51 UTC] PHP Warning:  Undefined variable $username in C:\xampp\htdocs\Piniors\controllers\login.php on line 52
[01-Jun-2023 17:27:51 UTC] Hello, errors!
[01-Jun-2023 17:27:51 UTC] PHP Warning:  Undefined array key "level" in C:\xampp\htdocs\Piniors\libs\View.php on line 10
[01-Jun-2023 17:29:08 UTC] Hello, errors!
[01-Jun-2023 17:29:08 UTC] PHP Warning:  Undefined array key "level" in C:\xampp\htdocs\Piniors\libs\View.php on line 10
[01-Jun-2023 17:29:31 UTC] Hello, errors!
[01-Jun-2023 17:29:31 UTC] PHP Warning:  Undefined array key "level" in C:\xampp\htdocs\Piniors\libs\View.php on line 10
[01-Jun-2023 17:29:41 UTC] Hello, errors!
[01-Jun-2023 17:29:41 UTC] PHP Warning:  Undefined array key "level" in C:\xampp\htdocs\Piniors\libs\View.php on line 10
[01-Jun-2023 17:47:50 UTC] Hello, errors!
[01-Jun-2023 17:47:50 UTC] PHP Warning:  Undefined array key "level" in C:\xampp\htdocs\Piniors\libs\View.php on line 10
